<?xml version="1.0" encoding="UTF-8"?>
<!-- Generated by org.testng.reporters.JUnitReportReporter -->
<testsuite skipped="0" hostname="IFOCUSODC-PC30" name="com.viacom.smoketestscripts.VerifySwitchProfileFunctionalityTest" tests="1" failures="0" timestamp="20 Mar 2019 15:30:02 GMT" time="188.774" errors="0">
  <testcase name="loginTest" time="188.774" classname="com.viacom.smoketestscripts.VerifySwitchProfileFunctionalityTest"/>
</testsuite> <!-- com.viacom.smoketestscripts.VerifySwitchProfileFunctionalityTest -->
