<?xml version="1.0" encoding="UTF-8"?>
<!-- Generated by org.testng.reporters.JUnitReportReporter -->
<testsuite skipped="0" hostname="IFOCUSODC-PC30" name="com.viacom.parentzone.VerifyParentZone" tests="1" failures="0" timestamp="27 May 2019 09:13:18 GMT" time="500.716" errors="0">
  <testcase name="verifyParentZonePreferenceTab" time="500.716" classname="com.viacom.parentzone.VerifyParentZone"/>
</testsuite> <!-- com.viacom.parentzone.VerifyParentZone -->
