<?xml version="1.0" encoding="UTF-8"?>
<!-- Generated by org.testng.reporters.JUnitReportReporter -->
<testsuite skipped="0" hostname="IFOCUSODC-PC30" name="com.viacom.smoketestscripts.Just_foryou" tests="1" failures="0" timestamp="02 Aug 2019 14:36:46 GMT" time="291.394" errors="0">
  <testcase name="videoPlayback" time="291.394" classname="com.viacom.smoketestscripts.Just_foryou"/>
</testsuite> <!-- com.viacom.smoketestscripts.Just_foryou -->
