<?xml version="1.0" encoding="UTF-8"?>
<!-- Generated by org.testng.reporters.JUnitReportReporter -->
<testsuite skipped="0" hostname="IFOCUSODC-PC30" name="com.viacom.smoketestscripts.VerifyDownloadedAudioPlaybackTest" tests="1" failures="0" timestamp="20 Feb 2019 14:37:15 GMT" time="177.981" errors="0">
  <testcase name="loginTest" time="177.981" classname="com.viacom.smoketestscripts.VerifyDownloadedAudioPlaybackTest"/>
</testsuite> <!-- com.viacom.smoketestscripts.VerifyDownloadedAudioPlaybackTest -->
