<?xml version="1.0" encoding="UTF-8"?>
<!-- Generated by org.testng.reporters.JUnitReportReporter -->
<testsuite skipped="0" hostname="IFOCUSODC-PC30" name="com.viacom.smoketestscripts.VerifyCardMetadata" tests="1" failures="0" timestamp="20 Mar 2019 14:05:43 GMT" time="334.556" errors="0">
  <testcase name="VerifyCardMetadata" time="334.556" classname="com.viacom.smoketestscripts.VerifyCardMetadata"/>
</testsuite> <!-- com.viacom.smoketestscripts.VerifyCardMetadata -->
