<?xml version="1.0" encoding="UTF-8"?>
<!-- Generated by org.testng.reporters.JUnitReportReporter -->
<testsuite skipped="0" hostname="IFOCUSODC-PC30" name="com.viacom.smoketestscripts.VerifyTheUiFunctionalityofebookindetailandreaderpage2" tests="1" failures="0" timestamp="20 Mar 2019 15:30:02 GMT" time="457.061" errors="0">
  <testcase name="verifyTheUiFunctionalityofebookindetailandreaderpage1" time="457.061" classname="com.viacom.smoketestscripts.VerifyTheUiFunctionalityofebookindetailandreaderpage2"/>
</testsuite> <!-- com.viacom.smoketestscripts.VerifyTheUiFunctionalityofebookindetailandreaderpage2 -->
