<?xml version="1.0" encoding="UTF-8"?>
<!-- Generated by org.testng.reporters.JUnitReportReporter -->
<testsuite skipped="0" hostname="IFOCUSODC-PC30" name="com.viacom.vodplayer.VerifyVodPlayerPlaylistUITest" tests="1" failures="0" timestamp="05 Aug 2019 08:35:55 GMT" time="364.328" errors="0">
  <testcase name="loginTest" time="364.328" classname="com.viacom.vodplayer.VerifyVodPlayerPlaylistUITest"/>
</testsuite> <!-- com.viacom.vodplayer.VerifyVodPlayerPlaylistUITest -->
