<?xml version="1.0" encoding="UTF-8"?>
<!-- Generated by org.testng.reporters.JUnitReportReporter -->
<testsuite skipped="1" hostname="IFOCUSODC-PC30" name="com.viacom.settings.VerifySettingsRateUsFeature" tests="1" failures="0" timestamp="06 Aug 2019 14:45:06 GMT" time="0.000" errors="0">
  <testcase name="verifySettingsRateUsFeature" time="0.000" classname="com.viacom.settings.VerifySettingsRateUsFeature">
    <skipped/>
  </testcase> <!-- verifySettingsRateUsFeature -->
</testsuite> <!-- com.viacom.settings.VerifySettingsRateUsFeature -->
