<?xml version="1.0" encoding="UTF-8"?>
<!-- Generated by org.testng.reporters.JUnitReportReporter -->
<testsuite skipped="0" hostname="IFOCUSODC-PC30" name="com.viacom.smoketestscripts.ValidateListenTrays" tests="1" failures="0" timestamp="13 Dec 2018 16:06:45 GMT" time="623.077" errors="1">
  <testcase name="VerifyTraysinListentab" time="623.077" classname="com.viacom.smoketestscripts.ValidateListenTrays">
    <error type="org.openqa.selenium.NoSuchElementException" message="An element could not be located on the page using the given search parameters.
For documentation on this error, please visit: http://seleniumhq.org/exceptions/no_such_element.html
Build info: version: &#039;3.12.0&#039;, revision: &#039;7c6e0b3&#039;, time: &#039;2018-05-08T15:15:08.936Z&#039;
System info: host: &#039;IFOCUSODC-PC30&#039;, ip: &#039;192.168.1.146&#039;, os.name: &#039;Windows 8.1&#039;, os.arch: &#039;amd64&#039;, os.version: &#039;6.3&#039;, java.version: &#039;1.8.0_131&#039;
Driver info: io.appium.java_client.android.AndroidDriver
Capabilities {BROWSER_NAME: Android, VERSION: 7.1.1, appActivity: com.tv.vootkids.ui.home.VKH..., appPackage: com.viacom18.vootkids, autoDismissAlerts: true, databaseEnabled: false, desired: {BROWSER_NAME: Android, VERSION: 7.1.1, appActivity: com.tv.vootkids.ui.home.VKH..., appPackage: com.viacom18.vootkids, autoDismissAlerts: true, deviceName: Moto G5S Plus, fullReset: false, newCommandTimeout: 300, noReset: true, platformName: android, udid: ZY32279CMM, unlockKey: 1111, unlockType: pin}, deviceManufacturer: motorola, deviceModel: Moto G (5S) Plus, deviceName: ZY32279CMM, deviceScreenSize: 1080x1920, deviceUDID: ZY32279CMM, fullReset: false, javascriptEnabled: true, locationContextEnabled: false, networkConnectionEnabled: true, newCommandTimeout: 300, noReset: true, platform: LINUX, platformName: LINUX, platformVersion: 7.1.1, takesScreenshot: true, udid: ZY32279CMM, unlockKey: 1111, unlockType: pin, warnings: {}, webStorageEnabled: false}
Session ID: 8c690e6a-34ae-4cba-ba71-b72d0597634a
*** Element info: {Using=id, value=com.viacom18.vootkids:id/button_back}">
      <![CDATA[org.openqa.selenium.NoSuchElementException: An element could not be located on the page using the given search parameters.
For documentation on this error, please visit: http://seleniumhq.org/exceptions/no_such_element.html
Build info: version: '3.12.0', revision: '7c6e0b3', time: '2018-05-08T15:15:08.936Z'
System info: host: 'IFOCUSODC-PC30', ip: '192.168.1.146', os.name: 'Windows 8.1', os.arch: 'amd64', os.version: '6.3', java.version: '1.8.0_131'
Driver info: io.appium.java_client.android.AndroidDriver
Capabilities {BROWSER_NAME: Android, VERSION: 7.1.1, appActivity: com.tv.vootkids.ui.home.VKH..., appPackage: com.viacom18.vootkids, autoDismissAlerts: true, databaseEnabled: false, desired: {BROWSER_NAME: Android, VERSION: 7.1.1, appActivity: com.tv.vootkids.ui.home.VKH..., appPackage: com.viacom18.vootkids, autoDismissAlerts: true, deviceName: Moto G5S Plus, fullReset: false, newCommandTimeout: 300, noReset: true, platformName: android, udid: ZY32279CMM, unlockKey: 1111, unlockType: pin}, deviceManufacturer: motorola, deviceModel: Moto G (5S) Plus, deviceName: ZY32279CMM, deviceScreenSize: 1080x1920, deviceUDID: ZY32279CMM, fullReset: false, javascriptEnabled: true, locationContextEnabled: false, networkConnectionEnabled: true, newCommandTimeout: 300, noReset: true, platform: LINUX, platformName: LINUX, platformVersion: 7.1.1, takesScreenshot: true, udid: ZY32279CMM, unlockKey: 1111, unlockType: pin, warnings: {}, webStorageEnabled: false}
Session ID: 8c690e6a-34ae-4cba-ba71-b72d0597634a
*** Element info: {Using=id, value=com.viacom18.vootkids:id/button_back}
at sun.reflect.NativeConstructorAccessorImpl.newInstance0(Native Method)
at sun.reflect.NativeConstructorAccessorImpl.newInstance(Unknown Source)
at sun.reflect.DelegatingConstructorAccessorImpl.newInstance(Unknown Source)
at java.lang.reflect.Constructor.newInstance(Unknown Source)
at org.openqa.selenium.remote.http.W3CHttpResponseCodec.createException(W3CHttpResponseCodec.java:187)
at org.openqa.selenium.remote.http.W3CHttpResponseCodec.decode(W3CHttpResponseCodec.java:122)
at org.openqa.selenium.remote.http.W3CHttpResponseCodec.decode(W3CHttpResponseCodec.java:49)
at org.openqa.selenium.remote.HttpCommandExecutor.execute(HttpCommandExecutor.java:158)
at io.appium.java_client.remote.AppiumCommandExecutor.execute(AppiumCommandExecutor.java:218)
at org.openqa.selenium.remote.RemoteWebDriver.execute(RemoteWebDriver.java:543)
at io.appium.java_client.DefaultGenericMobileDriver.execute(DefaultGenericMobileDriver.java:42)
at io.appium.java_client.AppiumDriver.execute(AppiumDriver.java:1)
at io.appium.java_client.android.AndroidDriver.execute(AndroidDriver.java:1)
at org.openqa.selenium.remote.RemoteWebDriver.findElement(RemoteWebDriver.java:317)
at io.appium.java_client.DefaultGenericMobileDriver.findElement(DefaultGenericMobileDriver.java:62)
at io.appium.java_client.AppiumDriver.findElement(AppiumDriver.java:1)
at io.appium.java_client.android.AndroidDriver.findElement(AndroidDriver.java:1)
at org.openqa.selenium.remote.RemoteWebDriver.findElementById(RemoteWebDriver.java:363)
at io.appium.java_client.DefaultGenericMobileDriver.findElementById(DefaultGenericMobileDriver.java:70)
at io.appium.java_client.AppiumDriver.findElementById(AppiumDriver.java:1)
at io.appium.java_client.android.AndroidDriver.findElementById(AndroidDriver.java:1)
at org.openqa.selenium.By$ById.findElement(By.java:188)
at org.openqa.selenium.remote.RemoteWebDriver.findElement(RemoteWebDriver.java:309)
at io.appium.java_client.DefaultGenericMobileDriver.findElement(DefaultGenericMobileDriver.java:58)
at io.appium.java_client.AppiumDriver.findElement(AppiumDriver.java:1)
at io.appium.java_client.android.AndroidDriver.findElement(AndroidDriver.java:1)
at org.openqa.selenium.support.pagefactory.DefaultElementLocator.findElement(DefaultElementLocator.java:69)
at org.openqa.selenium.support.pagefactory.internal.LocatingElementHandler.invoke(LocatingElementHandler.java:38)
at com.sun.proxy.$Proxy13.click(Unknown Source)
at com.viacom.smoketestscripts.ValidateListenTrays.VerifyTraysinListentab(ValidateListenTrays.java:291)
at sun.reflect.NativeMethodAccessorImpl.invoke0(Native Method)
at sun.reflect.NativeMethodAccessorImpl.invoke(Unknown Source)
at sun.reflect.DelegatingMethodAccessorImpl.invoke(Unknown Source)
at java.lang.reflect.Method.invoke(Unknown Source)
at org.testng.internal.MethodInvocationHelper.invokeMethod(MethodInvocationHelper.java:124)
at org.testng.internal.Invoker.invokeMethod(Invoker.java:580)
at org.testng.internal.Invoker.invokeTestMethod(Invoker.java:716)
at org.testng.internal.Invoker.invokeTestMethods(Invoker.java:988)
at org.testng.internal.TestMethodWorker.invokeTestMethods(TestMethodWorker.java:125)
at org.testng.internal.TestMethodWorker.run(TestMethodWorker.java:109)
at org.testng.TestRunner.privateRun(TestRunner.java:648)
at org.testng.TestRunner.run(TestRunner.java:505)
at org.testng.SuiteRunner.runTest(SuiteRunner.java:455)
at org.testng.SuiteRunner.runSequentially(SuiteRunner.java:450)
at org.testng.SuiteRunner.privateRun(SuiteRunner.java:415)
at org.testng.SuiteRunner.run(SuiteRunner.java:364)
at org.testng.SuiteRunnerWorker.runSuite(SuiteRunnerWorker.java:52)
at org.testng.SuiteRunnerWorker.run(SuiteRunnerWorker.java:84)
at org.testng.TestNG.runSuitesSequentially(TestNG.java:1208)
at org.testng.TestNG.runSuitesSequentially(TestNG.java:1204)
at org.testng.TestNG.runSuitesLocally(TestNG.java:1137)
at org.testng.TestNG.runSuites(TestNG.java:1049)
at org.testng.TestNG.run(TestNG.java:1017)
at org.testng.remote.AbstractRemoteTestNG.run(AbstractRemoteTestNG.java:114)
at org.testng.remote.RemoteTestNG.initAndRun(RemoteTestNG.java:251)
at org.testng.remote.RemoteTestNG.main(RemoteTestNG.java:77)
]]>
    </error>
  </testcase> <!-- VerifyTraysinListentab -->
</testsuite> <!-- com.viacom.smoketestscripts.ValidateListenTrays -->
