<?xml version="1.0" encoding="UTF-8"?>
<!-- Generated by org.testng.reporters.JUnitReportReporter -->
<testsuite skipped="0" hostname="IFOCUSODC-PC30" name="com.viacom.smoketestscripts.VerifyVodPlayerSettingsFunctionalityTest" tests="1" failures="0" timestamp="20 Feb 2019 12:30:59 GMT" time="227.712" errors="1">
  <testcase name="loginTest" time="227.712" classname="com.viacom.smoketestscripts.VerifyVodPlayerSettingsFunctionalityTest">
    <error type="org.openqa.selenium.WebDriverException" message="An unknown server-side error occurred while processing the command. Original error: Error occured while starting App. Original error: Error executing adbExec. Original error: &#039;Command &#039;C\:\\android-sdk-windows\\platform-tools\\adb.exe -P 5037 -s NB1GAD1810601997 shell am start -W -n com.viacom18.vootkids/com.tv.vootkids.ui.home.VKHomeActivity&#039; exited with code 4294967295&#039;; Stderr: &#039;Security exception: Permission Denial: starting Intent { flg=0x10000000 cmp=com.viacom18.vootkids/com.tv.vootkids.ui.home.VKHomeActivity } from null (pid=26933, uid=2000) not exported from uid 10316

java.lang.SecurityException: Permission Denial: starting Intent { flg=0x10000000 cmp=com.viacom18.vootkids/com.tv.vootkids.ui.home.VKHomeActivity } from null (pid=26933, uid=2000) not exported from uid 10316
	at com.android.server.am.ActivityStackSupervisor.checkStartAnyActivityPermission(ActivityStackSupervisor.java:1674)
	at com.android.server.am.ActivityStarter.startActivity(ActivityStarter.java:446)
	at com.android.server.am.ActivityStarter.startActivityLocked(ActivityStarter.java:286)
	at com.android.server.am.ActivityStarter.startActivityMayWait(ActivityStarter.java:857)
	at com.android.server.am.ActivityManagerService.startActivityAndWait(ActivityManagerService.java:4994)
	at com.android.server.am.ActivityManagerShellCommand.runStartActivity(ActivityManagerShellCommand.java:412)
	at com.android.server.am.ActivityManagerShellCommand.onCommand(ActivityManagerShellCommand.java:141)
	at android.os.ShellCommand.exec(ShellCommand.java:96)
	at com.android.server.am.ActivityManagerService.onShellCommand(ActivityManagerService.java:15802)
	at android.os.Binder.shellCommand(Binder.java:594)
	at android.os.Binder.onTransact(Binder.java:492)
	at android.app.IActivityManager$Stub.onTransact(IActivityManager.java:4312)
	at com.android.server.am.ActivityManagerService.onTransact(ActivityManagerService.java:3142)
	at android.os.Binder.execTransact(Binder.java:697)&#039;; Code: &#039;4294967295&#039;
Build info: version: &#039;3.12.0&#039;, revision: &#039;7c6e0b3&#039;, time: &#039;2018-05-08T15:15:08.936Z&#039;
System info: host: &#039;IFOCUSODC-PC30&#039;, ip: &#039;192.168.1.146&#039;, os.name: &#039;Windows 8.1&#039;, os.arch: &#039;amd64&#039;, os.version: &#039;6.3&#039;, java.version: &#039;1.8.0_131&#039;
Driver info: io.appium.java_client.android.AndroidDriver
Capabilities {BROWSER_NAME: Android, VERSION: 8.1.0, appActivity: com.tv.vootkids.ui.home.VKb..., appPackage: com.viacom18.vootkids, autoDismissAlerts: true, databaseEnabled: false, desired: {BROWSER_NAME: Android, VERSION: 8.1.0, appActivity: com.tv.vootkids.ui.home.VKb..., appPackage: com.viacom18.vootkids, autoDismissAlerts: true, deviceName: Nokia 8, fullReset: false, newCommandTimeout: 300, noReset: true, platformName: android, udid: NB1GAD1810601997, unlockKey: 1111, unlockType: pin}, deviceManufacturer: HMD Global, deviceModel: TA-1004, deviceName: NB1GAD1810601997, deviceScreenSize: 1440x2560, deviceUDID: NB1GAD1810601997, fullReset: false, javascriptEnabled: true, locationContextEnabled: false, networkConnectionEnabled: true, newCommandTimeout: 300, noReset: true, platform: LINUX, platformName: LINUX, platformVersion: 8.1.0, takesScreenshot: true, udid: NB1GAD1810601997, unlockKey: 1111, unlockType: pin, warnings: {}, webStorageEnabled: false}
Session ID: d0174310-0a09-48ee-bca1-d4d6245ab8ef">
      <![CDATA[org.openqa.selenium.WebDriverException: An unknown server-side error occurred while processing the command. Original error: Error occured while starting App. Original error: Error executing adbExec. Original error: 'Command 'C\:\\android-sdk-windows\\platform-tools\\adb.exe -P 5037 -s NB1GAD1810601997 shell am start -W -n com.viacom18.vootkids/com.tv.vootkids.ui.home.VKHomeActivity' exited with code 4294967295'; Stderr: 'Security exception: Permission Denial: starting Intent { flg=0x10000000 cmp=com.viacom18.vootkids/com.tv.vootkids.ui.home.VKHomeActivity } from null (pid=26933, uid=2000) not exported from uid 10316

java.lang.SecurityException: Permission Denial: starting Intent { flg=0x10000000 cmp=com.viacom18.vootkids/com.tv.vootkids.ui.home.VKHomeActivity } from null (pid=26933, uid=2000) not exported from uid 10316
at com.android.server.am.ActivityStackSupervisor.checkStartAnyActivityPermission(ActivityStackSupervisor.java:1674)
at com.android.server.am.ActivityStarter.startActivity(ActivityStarter.java:446)
at com.android.server.am.ActivityStarter.startActivityLocked(ActivityStarter.java:286)
at com.android.server.am.ActivityStarter.startActivityMayWait(ActivityStarter.java:857)
at com.android.server.am.ActivityManagerService.startActivityAndWait(ActivityManagerService.java:4994)
at com.android.server.am.ActivityManagerShellCommand.runStartActivity(ActivityManagerShellCommand.java:412)
at com.android.server.am.ActivityManagerShellCommand.onCommand(ActivityManagerShellCommand.java:141)
at android.os.ShellCommand.exec(ShellCommand.java:96)
at com.android.server.am.ActivityManagerService.onShellCommand(ActivityManagerService.java:15802)
at android.os.Binder.shellCommand(Binder.java:594)
at android.os.Binder.onTransact(Binder.java:492)
at android.app.IActivityManager$Stub.onTransact(IActivityManager.java:4312)
at com.android.server.am.ActivityManagerService.onTransact(ActivityManagerService.java:3142)
at android.os.Binder.execTransact(Binder.java:697)'; Code: '4294967295'
Build info: version: '3.12.0', revision: '7c6e0b3', time: '2018-05-08T15:15:08.936Z'
System info: host: 'IFOCUSODC-PC30', ip: '192.168.1.146', os.name: 'Windows 8.1', os.arch: 'amd64', os.version: '6.3', java.version: '1.8.0_131'
Driver info: io.appium.java_client.android.AndroidDriver
Capabilities {BROWSER_NAME: Android, VERSION: 8.1.0, appActivity: com.tv.vootkids.ui.home.VKb..., appPackage: com.viacom18.vootkids, autoDismissAlerts: true, databaseEnabled: false, desired: {BROWSER_NAME: Android, VERSION: 8.1.0, appActivity: com.tv.vootkids.ui.home.VKb..., appPackage: com.viacom18.vootkids, autoDismissAlerts: true, deviceName: Nokia 8, fullReset: false, newCommandTimeout: 300, noReset: true, platformName: android, udid: NB1GAD1810601997, unlockKey: 1111, unlockType: pin}, deviceManufacturer: HMD Global, deviceModel: TA-1004, deviceName: NB1GAD1810601997, deviceScreenSize: 1440x2560, deviceUDID: NB1GAD1810601997, fullReset: false, javascriptEnabled: true, locationContextEnabled: false, networkConnectionEnabled: true, newCommandTimeout: 300, noReset: true, platform: LINUX, platformName: LINUX, platformVersion: 8.1.0, takesScreenshot: true, udid: NB1GAD1810601997, unlockKey: 1111, unlockType: pin, warnings: {}, webStorageEnabled: false}
Session ID: d0174310-0a09-48ee-bca1-d4d6245ab8ef
at sun.reflect.NativeConstructorAccessorImpl.newInstance0(Native Method)
at sun.reflect.NativeConstructorAccessorImpl.newInstance(Unknown Source)
at sun.reflect.DelegatingConstructorAccessorImpl.newInstance(Unknown Source)
at java.lang.reflect.Constructor.newInstance(Unknown Source)
at org.openqa.selenium.remote.http.W3CHttpResponseCodec.createException(W3CHttpResponseCodec.java:187)
at org.openqa.selenium.remote.http.W3CHttpResponseCodec.decode(W3CHttpResponseCodec.java:122)
at org.openqa.selenium.remote.http.W3CHttpResponseCodec.decode(W3CHttpResponseCodec.java:49)
at org.openqa.selenium.remote.HttpCommandExecutor.execute(HttpCommandExecutor.java:158)
at io.appium.java_client.remote.AppiumCommandExecutor.execute(AppiumCommandExecutor.java:218)
at org.openqa.selenium.remote.RemoteWebDriver.execute(RemoteWebDriver.java:543)
at io.appium.java_client.DefaultGenericMobileDriver.execute(DefaultGenericMobileDriver.java:42)
at io.appium.java_client.AppiumDriver.execute(AppiumDriver.java:1)
at io.appium.java_client.android.AndroidDriver.execute(AndroidDriver.java:1)
at io.appium.java_client.InteractsWithApps.runAppInBackground(InteractsWithApps.java:104)
at com.viacom.smoketestscripts.VerifyVodPlayerSettingsFunctionalityTest.loginTest(VerifyVodPlayerSettingsFunctionalityTest.java:167)
at sun.reflect.NativeMethodAccessorImpl.invoke0(Native Method)
at sun.reflect.NativeMethodAccessorImpl.invoke(Unknown Source)
at sun.reflect.DelegatingMethodAccessorImpl.invoke(Unknown Source)
at java.lang.reflect.Method.invoke(Unknown Source)
at org.testng.internal.MethodInvocationHelper.invokeMethod(MethodInvocationHelper.java:124)
at org.testng.internal.Invoker.invokeMethod(Invoker.java:580)
at org.testng.internal.Invoker.invokeTestMethod(Invoker.java:716)
at org.testng.internal.Invoker.invokeTestMethods(Invoker.java:988)
at org.testng.internal.TestMethodWorker.invokeTestMethods(TestMethodWorker.java:125)
at org.testng.internal.TestMethodWorker.run(TestMethodWorker.java:109)
at org.testng.TestRunner.privateRun(TestRunner.java:648)
at org.testng.TestRunner.run(TestRunner.java:505)
at org.testng.SuiteRunner.runTest(SuiteRunner.java:455)
at org.testng.SuiteRunner.runSequentially(SuiteRunner.java:450)
at org.testng.SuiteRunner.privateRun(SuiteRunner.java:415)
at org.testng.SuiteRunner.run(SuiteRunner.java:364)
at org.testng.SuiteRunnerWorker.runSuite(SuiteRunnerWorker.java:52)
at org.testng.SuiteRunnerWorker.run(SuiteRunnerWorker.java:84)
at org.testng.TestNG.runSuitesSequentially(TestNG.java:1208)
at org.testng.TestNG.runSuitesLocally(TestNG.java:1137)
at org.testng.TestNG.runSuites(TestNG.java:1049)
at org.testng.TestNG.run(TestNG.java:1017)
at org.testng.remote.AbstractRemoteTestNG.run(AbstractRemoteTestNG.java:114)
at org.testng.remote.RemoteTestNG.initAndRun(RemoteTestNG.java:251)
at org.testng.remote.RemoteTestNG.main(RemoteTestNG.java:77)
]]>
    </error>
  </testcase> <!-- loginTest -->
</testsuite> <!-- com.viacom.smoketestscripts.VerifyVodPlayerSettingsFunctionalityTest -->
