<?xml version="1.0" encoding="UTF-8"?>
<!-- Generated by org.testng.reporters.JUnitReportReporter -->
<testsuite skipped="0" hostname="IFOCUSODC-PC30" name="com.viacom.smoketestscripts.VerifyVodPlayerPlaylistUITest" tests="1" failures="0" timestamp="20 Feb 2019 12:30:59 GMT" time="603.448" errors="0">
  <testcase name="loginTest" time="603.448" classname="com.viacom.smoketestscripts.VerifyVodPlayerPlaylistUITest"/>
</testsuite> <!-- com.viacom.smoketestscripts.VerifyVodPlayerPlaylistUITest -->
