<?xml version="1.0" encoding="UTF-8"?>
<!-- Generated by org.testng.reporters.JUnitReportReporter -->
<testsuite skipped="0" hostname="IFOCUSODC-PC30" name="com.viacom.vodplayer.VerifyForwardRewindButtonFunctionalityTest" tests="1" failures="0" timestamp="05 Aug 2019 08:35:56 GMT" time="205.431" errors="0">
  <testcase name="loginTest" time="205.431" classname="com.viacom.vodplayer.VerifyForwardRewindButtonFunctionalityTest"/>
</testsuite> <!-- com.viacom.vodplayer.VerifyForwardRewindButtonFunctionalityTest -->
