<?xml version="1.0" encoding="UTF-8"?>
<!-- Generated by org.testng.reporters.JUnitReportReporter -->
<testsuite skipped="0" hostname="IFOCUSODC-PC30" name="com.viacom.search.SearchFunctionalityTabHilightingTest" tests="1" failures="0" timestamp="02 Aug 2019 14:36:46 GMT" time="1069.454" errors="0">
  <testcase name="SearchFunctionalityTabHilighting" time="1069.454" classname="com.viacom.search.SearchFunctionalityTabHilightingTest"/>
</testsuite> <!-- com.viacom.search.SearchFunctionalityTabHilightingTest -->
