<?xml version="1.0" encoding="UTF-8"?>
<!-- Generated by org.testng.reporters.JUnitReportReporter -->
<testsuite skipped="0" hostname="IFOCUS-LT41" name="com.viacom.smoketestscripts.AAATanishaTest" tests="1" failures="0" timestamp="05 Jan 2019 08:36:22 GMT" time="85.194" errors="0">
  <testcase name="loginTest" time="85.194" classname="com.viacom.smoketestscripts.AAATanishaTest"/>
</testsuite> <!-- com.viacom.smoketestscripts.AAATanishaTest -->
