<?xml version="1.0" encoding="UTF-8"?>
<!-- Generated by org.testng.reporters.JUnitReportReporter -->
<testsuite skipped="0" hostname="IFOCUSODC-PC30" name="com.viacom.lastviewed.VerifyLastViewedMoviesMetaData" tests="1" failures="0" timestamp="08 Aug 2019 06:52:58 GMT" time="90.785" errors="0">
  <testcase name="VerifyLastViewedMoviesMetaData" time="90.785" classname="com.viacom.lastviewed.VerifyLastViewedMoviesMetaData"/>
</testsuite> <!-- com.viacom.lastviewed.VerifyLastViewedMoviesMetaData -->
