<?xml version="1.0" encoding="UTF-8"?>
<!-- Generated by org.testng.reporters.JUnitReportReporter -->
<testsuite skipped="0" hostname="IFOCUSODC-PC30" name="com.viacom.parentzone.VerifyThewatchedEpisodesGetsUpadatedunderusagestatsofEpisodes2" tests="1" failures="0" timestamp="09 Apr 2019 15:49:07 GMT" time="1923.184" errors="0">
  <testcase name="VerifyThewatchedEpisodesGetsUpadatedunderusagestatsofEpisodes2" time="1923.184" classname="com.viacom.parentzone.VerifyThewatchedEpisodesGetsUpadatedunderusagestatsofEpisodes2"/>
</testsuite> <!-- com.viacom.parentzone.VerifyThewatchedEpisodesGetsUpadatedunderusagestatsofEpisodes2 -->
