<?xml version="1.0" encoding="UTF-8"?>
<!-- Generated by org.testng.reporters.JUnitReportReporter -->
<testsuite skipped="0" hostname="IFOCUSODC-PC30" name="com.viacom.audioplayer.audioPlayerFunctionalityTest" tests="1" failures="0" timestamp="06 Aug 2019 06:45:07 GMT" time="198.104" errors="0">
  <testcase name="audioPlayerFunctionality" time="198.104" classname="com.viacom.audioplayer.audioPlayerFunctionalityTest"/>
</testsuite> <!-- com.viacom.audioplayer.audioPlayerFunctionalityTest -->
