<?xml version="1.0" encoding="UTF-8"?>
<!-- Generated by org.testng.reporters.JUnitReportReporter -->
<testsuite skipped="1" hostname="IFOCUSODC-PC30" name="com.viacom.movies.VerifyMovies" tests="1" failures="0" timestamp="08 Aug 2019 06:52:58 GMT" time="4.706" errors="0">
  <testcase name="VerifyMovies" time="4.706" classname="com.viacom.movies.VerifyMovies">
    <skipped/>
  </testcase> <!-- VerifyMovies -->
</testsuite> <!-- com.viacom.movies.VerifyMovies -->
