<?xml version="1.0" encoding="UTF-8"?>
<!-- Generated by org.testng.reporters.JUnitReportReporter -->
<testsuite skipped="0" hostname="IFOCUSODC-PC30" name="com.viacom.vodplayer.VerifyVodPlayerSettingsFunctionalityTest" tests="1" failures="0" timestamp="05 Aug 2019 08:35:55 GMT" time="278.279" errors="0">
  <testcase name="loginTest" time="278.279" classname="com.viacom.vodplayer.VerifyVodPlayerSettingsFunctionalityTest"/>
</testsuite> <!-- com.viacom.vodplayer.VerifyVodPlayerSettingsFunctionalityTest -->
