<?xml version="1.0" encoding="UTF-8"?>
<!-- Generated by org.testng.reporters.JUnitReportReporter -->
<testsuite skipped="0" hostname="IFOCUSODC-PC30" name="com.viacom.downloads.VerifyDownloadButtonPostBookPreviewTest" tests="1" failures="0" timestamp="05 Aug 2019 08:35:56 GMT" time="795.974" errors="0">
  <testcase name="loginTest" time="795.974" classname="com.viacom.downloads.VerifyDownloadButtonPostBookPreviewTest"/>
</testsuite> <!-- com.viacom.downloads.VerifyDownloadButtonPostBookPreviewTest -->
