<?xml version="1.0" encoding="UTF-8"?>
<!-- Generated by org.testng.reporters.JUnitReportReporter -->
<testsuite skipped="1" hostname="IFOCUSODC-PC30" name="com.viacom.smoketestscripts.SettingsMoblieNumberValidation" tests="1" failures="0" timestamp="15 Oct 2018 13:38:45 GMT" time="0.000" errors="0">
  <testcase name="settingsMoblieNumberValidation" time="0.000" classname="com.viacom.smoketestscripts.SettingsMoblieNumberValidation">
    <skipped/>
  </testcase> <!-- settingsMoblieNumberValidation -->
</testsuite> <!-- com.viacom.smoketestscripts.SettingsMoblieNumberValidation -->
