<?xml version="1.0" encoding="UTF-8"?>
<!-- Generated by org.testng.reporters.JUnitReportReporter -->
<testsuite skipped="0" hostname="IFOCUSODC-PC30" name="com.viacom.lastviewed.VerifyLastViewedIconMyStuff" tests="1" failures="0" timestamp="15 Apr 2019 07:28:54 GMT" time="534.408" errors="0">
  <testcase name="VerifyLastViewedEpisodes" time="534.408" classname="com.viacom.lastviewed.VerifyLastViewedIconMyStuff"/>
</testsuite> <!-- com.viacom.lastviewed.VerifyLastViewedIconMyStuff -->
