<?xml version="1.0" encoding="UTF-8"?>
<!-- Generated by org.testng.reporters.JUnitReportReporter -->
<testsuite skipped="0" hostname="IFOCUSODC-PC30" name="com.viacom.smoketestscripts.VerifyCellularDownloadsOFFState" tests="1" failures="0" timestamp="20 Mar 2019 14:05:43 GMT" time="816.913" errors="0">
  <testcase name="VerifyCellularDownloadsOFFState" time="816.913" classname="com.viacom.smoketestscripts.VerifyCellularDownloadsOFFState"/>
</testsuite> <!-- com.viacom.smoketestscripts.VerifyCellularDownloadsOFFState -->
