<?xml version="1.0" encoding="UTF-8"?>
<!-- Generated by org.testng.reporters.JUnitReportReporter -->
<testsuite skipped="0" hostname="IFOCUSODC-PC30" name="com.viacom.smoketestscripts.VerifyLastViewedEpisodes" tests="1" failures="0" timestamp="20 Mar 2019 14:05:43 GMT" time="965.317" errors="0">
  <testcase name="VerifyLastViewedEpisodes" time="965.317" classname="com.viacom.smoketestscripts.VerifyLastViewedEpisodes"/>
</testsuite> <!-- com.viacom.smoketestscripts.VerifyLastViewedEpisodes -->
