<?xml version="1.0" encoding="UTF-8"?>
<!-- Generated by org.testng.reporters.JUnitReportReporter -->
<testsuite skipped="1" hostname="IFOCUSODC-PC30" name="com.viacom.smoketestscripts.VerifyNewBooks" tests="1" failures="0" timestamp="22 Sep 2018 19:51:46 GMT" time="0.000" errors="0">
  <testcase name="VerifyNewBooks" time="0.000" classname="com.viacom.smoketestscripts.VerifyNewBooks">
    <skipped/>
  </testcase> <!-- VerifyNewBooks -->
</testsuite> <!-- com.viacom.smoketestscripts.VerifyNewBooks -->
