<?xml version="1.0" encoding="UTF-8"?>
<!-- Generated by org.testng.reporters.JUnitReportReporter -->
<testsuite skipped="1" hostname="IFOCUSODC-PC30" name="com.viacom.favourites.VerifyFavouritesEditPage" tests="1" failures="0" timestamp="06 Aug 2019 14:45:06 GMT" time="0.000" errors="0">
  <testcase name="verifyFavouritesEditPage" time="0.000" classname="com.viacom.favourites.VerifyFavouritesEditPage">
    <skipped/>
  </testcase> <!-- verifyFavouritesEditPage -->
</testsuite> <!-- com.viacom.favourites.VerifyFavouritesEditPage -->
