<?xml version="1.0" encoding="UTF-8"?>
<!-- Generated by org.testng.reporters.JUnitReportReporter -->
<testsuite hostname="IFOCUSODC-PC14" name="com.viacom.smoketestscripts.Masthead_carouselScripts" tests="1" failures="0" timestamp="13 Aug 2018 09:53:42 GMT" time="48.167" errors="0">
  <testcase name="videoPlayback" time="48.167" classname="com.viacom.smoketestscripts.Masthead_carouselScripts"/>
</testsuite> <!-- com.viacom.smoketestscripts.Masthead_carouselScripts -->
