<?xml version="1.0" encoding="UTF-8"?>
<!-- Generated by org.testng.reporters.JUnitReportReporter -->
<testsuite skipped="0" hostname="IFOCUSODC-PC30" name="com.viacom.settings.SettingsHelpAndSupportFeature_P1" tests="1" failures="0" timestamp="06 Aug 2019 14:45:06 GMT" time="303.415" errors="0">
  <testcase name="settingsMoblieNumberValidation" time="303.415" classname="com.viacom.settings.SettingsHelpAndSupportFeature_P1"/>
</testsuite> <!-- com.viacom.settings.SettingsHelpAndSupportFeature_P1 -->
