<?xml version="1.0" encoding="UTF-8"?>
<!-- Generated by org.testng.reporters.JUnitReportReporter -->
<testsuite skipped="0" hostname="IFOCUSODC-PC30" name="com.viacom.smoketestscripts.VerifyParentZone" tests="1" failures="0" timestamp="26 Feb 2019 14:53:23 GMT" time="372.363" errors="0">
  <testcase name="verifyParentZonePreferenceTab" time="372.363" classname="com.viacom.smoketestscripts.VerifyParentZone"/>
</testsuite> <!-- com.viacom.smoketestscripts.VerifyParentZone -->
