<?xml version="1.0" encoding="UTF-8"?>
<!-- Generated by org.testng.reporters.JUnitReportReporter -->
<testsuite skipped="0" hostname="IFOCUSODC-PC30" name="com.viacom.parentzone.VerifyBedTimeForProfiles" tests="1" failures="0" timestamp="08 Aug 2019 06:52:58 GMT" time="148.662" errors="0">
  <testcase name="VerifyBedTimeForProfiles" time="148.662" classname="com.viacom.parentzone.VerifyBedTimeForProfiles"/>
</testsuite> <!-- com.viacom.parentzone.VerifyBedTimeForProfiles -->
