<?xml version="1.0" encoding="UTF-8"?>
<!-- Generated by org.testng.reporters.JUnitReportReporter -->
<testsuite skipped="1" hostname="IFOCUSODC-PC30" name="com.viacom.smoketestscripts.VerifyTheUiFunctionalityofebookindetailandreaderpage1" tests="1" failures="0" timestamp="15 Feb 2019 14:32:45 GMT" time="0.000" errors="0">
  <testcase name="verifyTheUiFunctionalityofebookindetailandreaderpage1" time="0.000" classname="com.viacom.smoketestscripts.VerifyTheUiFunctionalityofebookindetailandreaderpage1">
    <skipped/>
  </testcase> <!-- verifyTheUiFunctionalityofebookindetailandreaderpage1 -->
</testsuite> <!-- com.viacom.smoketestscripts.VerifyTheUiFunctionalityofebookindetailandreaderpage1 -->
