<?xml version="1.0" encoding="UTF-8"?>
<!-- Generated by org.testng.reporters.JUnitReportReporter -->
<testsuite skipped="0" hostname="IFOCUSODC-PC30" name="com.viacom.smoketestscripts.VerifyDisplayCardOrderInCarousal" tests="1" failures="0" timestamp="20 Mar 2019 14:05:43 GMT" time="284.656" errors="0">
  <testcase name="VerifyDisplayCardOrderInCarousal" time="284.656" classname="com.viacom.smoketestscripts.VerifyDisplayCardOrderInCarousal"/>
</testsuite> <!-- com.viacom.smoketestscripts.VerifyDisplayCardOrderInCarousal -->
