<?xml version="1.0" encoding="UTF-8"?>
<!-- Generated by org.testng.reporters.JUnitReportReporter -->
<testsuite skipped="0" hostname="IFOCUSODC-PC30" name="com.viacom.parentzone.VerifyTCsAfterSignUp" tests="1" failures="0" timestamp="06 Aug 2019 06:45:07 GMT" time="200.819" errors="0">
  <testcase name="VerifyTCsAfterSignUp2" time="200.819" classname="com.viacom.parentzone.VerifyTCsAfterSignUp"/>
</testsuite> <!-- com.viacom.parentzone.VerifyTCsAfterSignUp -->
