<?xml version="1.0" encoding="UTF-8"?>
<!-- Generated by org.testng.reporters.JUnitReportReporter -->
<testsuite skipped="0" hostname="IFOCUSODC-PC30" name="com.viacom.downloads.VerifyDownloadEpisodeFunctionalityTest" tests="1" failures="0" timestamp="02 Aug 2019 14:36:46 GMT" time="718.164" errors="0">
  <testcase name="VerifyDownloadEpisodeFunctionality" time="718.164" classname="com.viacom.downloads.VerifyDownloadEpisodeFunctionalityTest"/>
</testsuite> <!-- com.viacom.downloads.VerifyDownloadEpisodeFunctionalityTest -->
