<?xml version="1.0" encoding="UTF-8"?>
<!-- Generated by org.testng.reporters.JUnitReportReporter -->
<testsuite skipped="0" hostname="IFOCUSODC-PC30" name="com.viacom.settings.SettingsHelpAndSupportFeature_P2" tests="1" failures="0" timestamp="06 Aug 2019 14:45:06 GMT" time="186.071" errors="0">
  <testcase name="settingsMoblieNumberValidation" time="186.071" classname="com.viacom.settings.SettingsHelpAndSupportFeature_P2"/>
</testsuite> <!-- com.viacom.settings.SettingsHelpAndSupportFeature_P2 -->
