<?xml version="1.0" encoding="UTF-8"?>
<!-- Generated by org.testng.reporters.JUnitReportReporter -->
<testsuite skipped="0" hostname="IFOCUSODC-PC30" name="com.viacom.ebook.VerifyBookDetailsPageFunctionalityTest" tests="1" failures="0" timestamp="05 Aug 2019 08:35:56 GMT" time="156.777" errors="0">
  <testcase name="loginTest" time="156.777" classname="com.viacom.ebook.VerifyBookDetailsPageFunctionalityTest"/>
</testsuite> <!-- com.viacom.ebook.VerifyBookDetailsPageFunctionalityTest -->
