<?xml version="1.0" encoding="UTF-8"?>
<!-- Generated by org.testng.reporters.JUnitReportReporter -->
<testsuite skipped="1" hostname="IFOCUSODC-PC30" name="com.viacom.settings.ForgotPinTest" tests="1" failures="0" timestamp="24 Jun 2019 06:21:36 GMT" time="4.941" errors="0">
  <testcase name="OTPLimitExceed" time="4.941" classname="com.viacom.settings.ForgotPinTest">
    <skipped/>
  </testcase> <!-- OTPLimitExceed -->
</testsuite> <!-- com.viacom.settings.ForgotPinTest -->
