<?xml version="1.0" encoding="UTF-8"?>
<!-- Generated by org.testng.reporters.JUnitReportReporter -->
<testsuite skipped="0" hostname="IFOCUSODC-PC30" name="com.viacom.smoketestscripts.VerifyStatsInParentZone" tests="1" failures="0" timestamp="26 Feb 2019 14:53:23 GMT" time="172.222" errors="0">
  <testcase name="verifyStatsInParentZone" time="172.222" classname="com.viacom.smoketestscripts.VerifyStatsInParentZone"/>
</testsuite> <!-- com.viacom.smoketestscripts.VerifyStatsInParentZone -->
