<?xml version="1.0" encoding="UTF-8"?>
<!-- Generated by org.testng.reporters.JUnitReportReporter -->
<testsuite skipped="1" hostname="IFOCUSODC-PC30" name="com.viacom.smoketestscripts.VerifyKillLaunchInterruptionDuringEpisodeDownloadFunctionalityTest" tests="1" failures="0" timestamp="20 Feb 2019 14:37:15 GMT" time="0.000" errors="0">
  <testcase name="loginTest" time="0.000" classname="com.viacom.smoketestscripts.VerifyKillLaunchInterruptionDuringEpisodeDownloadFunctionalityTest">
    <skipped/>
  </testcase> <!-- loginTest -->
</testsuite> <!-- com.viacom.smoketestscripts.VerifyKillLaunchInterruptionDuringEpisodeDownloadFunctionalityTest -->
