<?xml version="1.0" encoding="UTF-8"?>
<!-- Generated by org.testng.reporters.JUnitReportReporter -->
<testsuite skipped="0" hostname="IFOCUSODC-PC30" name="com.viacom.downloads.VerifyEpisodeDownloadQualityTest" tests="1" failures="0" timestamp="05 Aug 2019 08:35:55 GMT" time="450.880" errors="0">
  <testcase name="loginTest" time="450.880" classname="com.viacom.downloads.VerifyEpisodeDownloadQualityTest"/>
</testsuite> <!-- com.viacom.downloads.VerifyEpisodeDownloadQualityTest -->
