<?xml version="1.0" encoding="UTF-8"?>
<!-- Generated by org.testng.reporters.JUnitReportReporter -->
<testsuite skipped="0" hostname="IFOCUSODC-PC30" name="com.viacom.parentzone.VerifyActivitySegmentedTab" tests="1" failures="0" timestamp="08 Aug 2019 06:52:58 GMT" time="89.596" errors="0">
  <testcase name="VerifyActivitySegmentedTab" time="89.596" classname="com.viacom.parentzone.VerifyActivitySegmentedTab"/>
</testsuite> <!-- com.viacom.parentzone.VerifyActivitySegmentedTab -->
