<?xml version="1.0" encoding="UTF-8"?>
<!-- Generated by org.testng.reporters.JUnitReportReporter -->
<testsuite skipped="0" hostname="IFOCUSODC-PC30" name="com.viacom.smoketestscripts.VerifyVODContentConfigurableTrays" tests="1" failures="0" timestamp="20 Mar 2019 14:05:43 GMT" time="694.797" errors="0">
  <testcase name="VerifyVODContentConfigurableTrays" time="694.797" classname="com.viacom.smoketestscripts.VerifyVODContentConfigurableTrays"/>
</testsuite> <!-- com.viacom.smoketestscripts.VerifyVODContentConfigurableTrays -->
