<?xml version="1.0" encoding="UTF-8"?>
<!-- Generated by org.testng.reporters.JUnitReportReporter -->
<testsuite skipped="0" hostname="IFOCUSODC-PC30" name="com.viacom.parentzone.VerifyAudiocardsUpdatedinUsagestats" tests="1" failures="0" timestamp="06 Aug 2019 11:32:37 GMT" time="1708.348" errors="0">
  <testcase name="VerifyAudiocardsUpdatedinUsagestats" time="1708.348" classname="com.viacom.parentzone.VerifyAudiocardsUpdatedinUsagestats"/>
</testsuite> <!-- com.viacom.parentzone.VerifyAudiocardsUpdatedinUsagestats -->
