<?xml version="1.0" encoding="UTF-8"?>
<!-- Generated by org.testng.reporters.JUnitReportReporter -->
<testsuite skipped="0" hostname="IFOCUSODC-PC30" name="com.viacom.smoketestscripts.VerifyParentZoneForNewUser" tests="1" failures="0" timestamp="26 Feb 2019 14:53:23 GMT" time="139.971" errors="0">
  <testcase name="verifyParentZoneForNewUser" time="139.971" classname="com.viacom.smoketestscripts.VerifyParentZoneForNewUser"/>
</testsuite> <!-- com.viacom.smoketestscripts.VerifyParentZoneForNewUser -->
