<?xml version="1.0" encoding="UTF-8"?>
<!-- Generated by org.testng.reporters.JUnitReportReporter -->
<testsuite skipped="1" hostname="IFOCUSODC-PC30" name="com.viacom.smoketestscripts.VerifyTCsAfterSignUp" tests="1" failures="0" timestamp="20 Mar 2019 15:30:02 GMT" time="4.987" errors="0">
  <testcase name="VerifyTCsAfterSignUp2" time="4.987" classname="com.viacom.smoketestscripts.VerifyTCsAfterSignUp">
    <skipped/>
  </testcase> <!-- VerifyTCsAfterSignUp2 -->
</testsuite> <!-- com.viacom.smoketestscripts.VerifyTCsAfterSignUp -->
