<?xml version="1.0" encoding="UTF-8"?>
<!-- Generated by org.testng.reporters.JUnitReportReporter -->
<testsuite skipped="0" hostname="IFOCUSODC-PC30" name="com.viacom.search.VerifySearchResultsTest" tests="1" failures="0" timestamp="02 Aug 2019 14:36:46 GMT" time="916.750" errors="0">
  <testcase name="searchResults" time="916.750" classname="com.viacom.search.VerifySearchResultsTest"/>
</testsuite> <!-- com.viacom.search.VerifySearchResultsTest -->
