<?xml version="1.0" encoding="UTF-8"?>
<!-- Generated by org.testng.reporters.JUnitReportReporter -->
<testsuite skipped="1" hostname="IFOCUSODC-PC30" name="com.viacom.smoketestscripts.ForgotPinTest" tests="1" failures="0" timestamp="26 Feb 2019 07:10:31 GMT" time="4.941" errors="0">
  <testcase name="OTPLimitExceed" time="4.941" classname="com.viacom.smoketestscripts.ForgotPinTest">
    <skipped/>
  </testcase> <!-- OTPLimitExceed -->
</testsuite> <!-- com.viacom.smoketestscripts.ForgotPinTest -->
