<?xml version="1.0" encoding="UTF-8"?>
<!-- Generated by org.testng.reporters.JUnitReportReporter -->
<testsuite skipped="1" hostname="IFOCUSODC-PC30" name="com.viacom.movies.VerifyMoviePlayerFunctionalityTest" tests="1" failures="0" timestamp="08 Aug 2019 06:52:57 GMT" time="4.683" errors="0">
  <testcase name="loginTest" time="4.683" classname="com.viacom.movies.VerifyMoviePlayerFunctionalityTest">
    <skipped/>
  </testcase> <!-- loginTest -->
</testsuite> <!-- com.viacom.movies.VerifyMoviePlayerFunctionalityTest -->
