<?xml version="1.0" encoding="UTF-8"?>
<!-- Generated by org.testng.reporters.JUnitReportReporter -->
<testsuite skipped="1" hostname="IFOCUSODC-PC30" name="com.viacom.registration.VerifySignupandLoginLinkFunctionality" tests="1" failures="0" timestamp="06 Aug 2019 11:32:37 GMT" time="0.000" errors="0">
  <testcase name="VerifySignupandLoginLinkFunctionality" time="0.000" classname="com.viacom.registration.VerifySignupandLoginLinkFunctionality">
    <skipped/>
  </testcase> <!-- VerifySignupandLoginLinkFunctionality -->
</testsuite> <!-- com.viacom.registration.VerifySignupandLoginLinkFunctionality -->
