<?xml version="1.0" encoding="UTF-8"?>
<!-- Generated by org.testng.reporters.JUnitReportReporter -->
<testsuite skipped="0" hostname="IFOCUSODC-PC30" name="com.viacom.smoketestscripts.VerifyVodPlayerFavoritesRelatedFunctionality" tests="1" failures="0" timestamp="13 Mar 2019 11:20:40 GMT" time="475.795" errors="0">
  <testcase name="loginTest" time="475.795" classname="com.viacom.smoketestscripts.VerifyVodPlayerFavoritesRelatedFunctionality"/>
</testsuite> <!-- com.viacom.smoketestscripts.VerifyVodPlayerFavoritesRelatedFunctionality -->
