<?xml version="1.0" encoding="UTF-8"?>
<!-- Generated by org.testng.reporters.JUnitReportReporter -->
<testsuite skipped="0" hostname="IFOCUSODC-PC30" name="com.viacom.smoketestscripts.VerifyPlayback" tests="1" failures="0" timestamp="26 Feb 2019 14:53:23 GMT" time="366.061" errors="0">
  <testcase name="verifyAudioPlayback" time="366.061" classname="com.viacom.smoketestscripts.VerifyPlayback"/>
</testsuite> <!-- com.viacom.smoketestscripts.VerifyPlayback -->
