<?xml version="1.0" encoding="UTF-8"?>
<!-- Generated by org.testng.reporters.JUnitReportReporter -->
<testsuite skipped="1" hostname="IFOCUSODC-PC30" name="com.viacom.uinavigation.VerifyChannelInfCharactersTab" tests="1" failures="0" timestamp="06 Aug 2019 14:45:06 GMT" time="0.000" errors="0">
  <testcase name="verifyChannelInfCharactersTab" time="0.000" classname="com.viacom.uinavigation.VerifyChannelInfCharactersTab">
    <skipped/>
  </testcase> <!-- verifyChannelInfCharactersTab -->
</testsuite> <!-- com.viacom.uinavigation.VerifyChannelInfCharactersTab -->
