<?xml version="1.0" encoding="UTF-8"?>
<!-- Generated by org.testng.reporters.JUnitReportReporter -->
<testsuite skipped="0" hostname="IFOCUSODC-PC30" name="com.viacom.smoketestscripts.VerifyLastViewedBooks" tests="1" failures="0" timestamp="20 Mar 2019 14:05:43 GMT" time="378.263" errors="0">
  <testcase name="VerifyLastViewedBooks" time="378.263" classname="com.viacom.smoketestscripts.VerifyLastViewedBooks"/>
</testsuite> <!-- com.viacom.smoketestscripts.VerifyLastViewedBooks -->
