<?xml version="1.0" encoding="UTF-8"?>
<!-- Generated by org.testng.reporters.JUnitReportReporter -->
<testsuite skipped="0" hostname="IFOCUSODC-PC30" name="com.viacom.smoketestscripts.LastViewedTrayAudioFunctionality" tests="1" failures="0" timestamp="20 Mar 2019 08:27:53 GMT" time="359.342" errors="0">
  <testcase name="VerifyEbookDefaults" time="359.342" classname="com.viacom.smoketestscripts.LastViewedTrayAudioFunctionality"/>
</testsuite> <!-- com.viacom.smoketestscripts.LastViewedTrayAudioFunctionality -->
