<?xml version="1.0" encoding="UTF-8"?>
<!-- Generated by org.testng.reporters.JUnitReportReporter -->
<testsuite skipped="0" hostname="IFOCUSODC-PC30" name="com.viacom.smoketestscripts.VerifyReaderPreviewAndRead" tests="1" failures="0" timestamp="20 Mar 2019 14:05:43 GMT" time="860.455" errors="0">
  <testcase name="VerifyReaderPreviewAndRead" time="860.455" classname="com.viacom.smoketestscripts.VerifyReaderPreviewAndRead"/>
</testsuite> <!-- com.viacom.smoketestscripts.VerifyReaderPreviewAndRead -->
