<?xml version="1.0" encoding="UTF-8"?>
<!-- Generated by org.testng.reporters.JUnitReportReporter -->
<testsuite skipped="0" hostname="IFOCUS-LT41" name="com.viacom.smoketestscripts.VerifyMultipleDownloads" tests="1" failures="0" timestamp="21 Dec 2018 08:04:06 GMT" time="497.638" errors="0">
  <testcase name="VerifyMultipleDownloads" time="497.638" classname="com.viacom.smoketestscripts.VerifyMultipleDownloads"/>
</testsuite> <!-- com.viacom.smoketestscripts.VerifyMultipleDownloads -->
